ERROR - 2022-08-01 06:40:33 --> mysqli_sql_exception: Table 'ci_train.enregistrement' doesn't exist in F:\FENO\_DEV\CI\CI - Train\system\Database\MySQLi\Connection.php:314
Stack trace:
#0 F:\FENO\_DEV\CI\CI - Train\system\Database\MySQLi\Connection.php(314): mysqli->query('SELECT COUNT(*)...')
#1 F:\FENO\_DEV\CI\CI - Train\system\Database\BaseConnection.php(713): CodeIgniter\Database\MySQLi\Connection->execute('SELECT COUNT(*)...')
#2 F:\FENO\_DEV\CI\CI - Train\system\Database\BaseConnection.php(641): CodeIgniter\Database\BaseConnection->simpleQuery('SELECT COUNT(*)...')
#3 F:\FENO\_DEV\CI\CI - Train\system\Database\BaseBuilder.php(1966): CodeIgniter\Database\BaseConnection->query('SELECT COUNT(*)...', Array, false)
#4 F:\FENO\_DEV\CI\CI - Train\system\Model.php(570): CodeIgniter\Database\BaseBuilder->countAllResults(false)
#5 F:\FENO\_DEV\CI\CI - Train\system\BaseModel.php(1140): CodeIgniter\Model->countAllResults(false)
#6 F:\FENO\_DEV\CI\CI - Train\app\Controllers\Api.php(20): CodeIgniter\BaseModel->paginate(5)
#7 F:\FENO\_DEV\CI\CI - Train\system\CodeIgniter.php(936): App\Controllers\Api->index()
#8 F:\FENO\_DEV\CI\CI - Train\system\CodeIgniter.php(432): CodeIgniter\CodeIgniter->runController(Object(App\Controllers\Api))
#9 F:\FENO\_DEV\CI\CI - Train\system\CodeIgniter.php(333): CodeIgniter\CodeIgniter->handleRequest(NULL, Object(Config\Cache), false)
#10 F:\FENO\_DEV\CI\CI - Train\public\index.php(44): CodeIgniter\CodeIgniter->run()
#11 F:\FENO\_DEV\CI\CI - Train\system\Commands\Server\rewrite.php(45): require_once('F:\\FENO\\_DEV\\CI...')
#12 {main}
CRITICAL - 2022-08-01 06:40:33 --> Table 'ci_train.enregistrement' doesn't exist
#0 F:\FENO\_DEV\CI\CI - Train\system\Database\MySQLi\Connection.php(314): mysqli->query('SELECT COUNT(*)...')
#1 F:\FENO\_DEV\CI\CI - Train\system\Database\BaseConnection.php(713): CodeIgniter\Database\MySQLi\Connection->execute('SELECT COUNT(*)...')
#2 F:\FENO\_DEV\CI\CI - Train\system\Database\BaseConnection.php(641): CodeIgniter\Database\BaseConnection->simpleQuery('SELECT COUNT(*)...')
#3 F:\FENO\_DEV\CI\CI - Train\system\Database\BaseBuilder.php(1966): CodeIgniter\Database\BaseConnection->query('SELECT COUNT(*)...', Array, false)
#4 F:\FENO\_DEV\CI\CI - Train\system\Model.php(570): CodeIgniter\Database\BaseBuilder->countAllResults(false)
#5 F:\FENO\_DEV\CI\CI - Train\system\BaseModel.php(1140): CodeIgniter\Model->countAllResults(false)
#6 F:\FENO\_DEV\CI\CI - Train\app\Controllers\Api.php(20): CodeIgniter\BaseModel->paginate(5)
#7 F:\FENO\_DEV\CI\CI - Train\system\CodeIgniter.php(936): App\Controllers\Api->index()
#8 F:\FENO\_DEV\CI\CI - Train\system\CodeIgniter.php(432): CodeIgniter\CodeIgniter->runController(Object(App\Controllers\Api))
#9 F:\FENO\_DEV\CI\CI - Train\system\CodeIgniter.php(333): CodeIgniter\CodeIgniter->handleRequest(NULL, Object(Config\Cache), false)
#10 F:\FENO\_DEV\CI\CI - Train\public\index.php(44): CodeIgniter\CodeIgniter->run()
#11 F:\FENO\_DEV\CI\CI - Train\system\Commands\Server\rewrite.php(45): require_once('F:\\FENO\\_DEV\\CI...')
#12 {main}
ERROR - 2022-08-01 06:41:09 --> mysqli_sql_exception: Table 'ci_train.enregistrement' doesn't exist in F:\FENO\_DEV\CI\CI - Train\system\Database\MySQLi\Connection.php:314
Stack trace:
#0 F:\FENO\_DEV\CI\CI - Train\system\Database\MySQLi\Connection.php(314): mysqli->query('SELECT COUNT(*)...')
#1 F:\FENO\_DEV\CI\CI - Train\system\Database\BaseConnection.php(713): CodeIgniter\Database\MySQLi\Connection->execute('SELECT COUNT(*)...')
#2 F:\FENO\_DEV\CI\CI - Train\system\Database\BaseConnection.php(641): CodeIgniter\Database\BaseConnection->simpleQuery('SELECT COUNT(*)...')
#3 F:\FENO\_DEV\CI\CI - Train\system\Database\BaseBuilder.php(1966): CodeIgniter\Database\BaseConnection->query('SELECT COUNT(*)...', Array, false)
#4 F:\FENO\_DEV\CI\CI - Train\system\Model.php(570): CodeIgniter\Database\BaseBuilder->countAllResults(false)
#5 F:\FENO\_DEV\CI\CI - Train\system\BaseModel.php(1140): CodeIgniter\Model->countAllResults(false)
#6 F:\FENO\_DEV\CI\CI - Train\app\Controllers\Api.php(20): CodeIgniter\BaseModel->paginate(5)
#7 F:\FENO\_DEV\CI\CI - Train\system\CodeIgniter.php(936): App\Controllers\Api->index()
#8 F:\FENO\_DEV\CI\CI - Train\system\CodeIgniter.php(432): CodeIgniter\CodeIgniter->runController(Object(App\Controllers\Api))
#9 F:\FENO\_DEV\CI\CI - Train\system\CodeIgniter.php(333): CodeIgniter\CodeIgniter->handleRequest(NULL, Object(Config\Cache), false)
#10 F:\FENO\_DEV\CI\CI - Train\public\index.php(44): CodeIgniter\CodeIgniter->run()
#11 F:\FENO\_DEV\CI\CI - Train\system\Commands\Server\rewrite.php(45): require_once('F:\\FENO\\_DEV\\CI...')
#12 {main}
ERROR - 2022-08-01 06:41:09 --> mysqli_sql_exception: Table 'ci_train.enregistrement' doesn't exist in F:\FENO\_DEV\CI\CI - Train\system\Database\MySQLi\Connection.php:314
Stack trace:
#0 F:\FENO\_DEV\CI\CI - Train\system\Database\MySQLi\Connection.php(314): mysqli->query('SELECT *\nFROM `...')
#1 F:\FENO\_DEV\CI\CI - Train\system\Database\BaseConnection.php(713): CodeIgniter\Database\MySQLi\Connection->execute('SELECT *\nFROM `...')
#2 F:\FENO\_DEV\CI\CI - Train\system\Database\BaseConnection.php(641): CodeIgniter\Database\BaseConnection->simpleQuery('SELECT *\nFROM `...')
#3 F:\FENO\_DEV\CI\CI - Train\system\Database\BaseBuilder.php(1866): CodeIgniter\Database\BaseConnection->query('SELECT *\nFROM `...', Array, false)
#4 F:\FENO\_DEV\CI\CI - Train\system\Model.php(213): CodeIgniter\Database\BaseBuilder->get()
#5 F:\FENO\_DEV\CI\CI - Train\system\BaseModel.php(583): CodeIgniter\Model->doFindAll(5, 0)
#6 F:\FENO\_DEV\CI\CI - Train\system\BaseModel.php(1144): CodeIgniter\BaseModel->findAll(5, 0)
#7 F:\FENO\_DEV\CI\CI - Train\app\Controllers\Api.php(20): CodeIgniter\BaseModel->paginate(5)
#8 F:\FENO\_DEV\CI\CI - Train\system\CodeIgniter.php(936): App\Controllers\Api->index()
#9 F:\FENO\_DEV\CI\CI - Train\system\CodeIgniter.php(432): CodeIgniter\CodeIgniter->runController(Object(App\Controllers\Api))
#10 F:\FENO\_DEV\CI\CI - Train\system\CodeIgniter.php(333): CodeIgniter\CodeIgniter->handleRequest(NULL, Object(Config\Cache), false)
#11 F:\FENO\_DEV\CI\CI - Train\public\index.php(44): CodeIgniter\CodeIgniter->run()
#12 F:\FENO\_DEV\CI\CI - Train\system\Commands\Server\rewrite.php(45): require_once('F:\\FENO\\_DEV\\CI...')
#13 {main}
ERROR - 2022-08-01 06:41:20 --> mysqli_sql_exception: Table 'ci_train.enregistrement' doesn't exist in F:\FENO\_DEV\CI\CI - Train\system\Database\MySQLi\Connection.php:314
Stack trace:
#0 F:\FENO\_DEV\CI\CI - Train\system\Database\MySQLi\Connection.php(314): mysqli->query('SELECT COUNT(*)...')
#1 F:\FENO\_DEV\CI\CI - Train\system\Database\BaseConnection.php(713): CodeIgniter\Database\MySQLi\Connection->execute('SELECT COUNT(*)...')
#2 F:\FENO\_DEV\CI\CI - Train\system\Database\BaseConnection.php(641): CodeIgniter\Database\BaseConnection->simpleQuery('SELECT COUNT(*)...')
#3 F:\FENO\_DEV\CI\CI - Train\system\Database\BaseBuilder.php(1966): CodeIgniter\Database\BaseConnection->query('SELECT COUNT(*)...', Array, false)
#4 F:\FENO\_DEV\CI\CI - Train\system\Model.php(570): CodeIgniter\Database\BaseBuilder->countAllResults(false)
#5 F:\FENO\_DEV\CI\CI - Train\system\BaseModel.php(1140): CodeIgniter\Model->countAllResults(false)
#6 F:\FENO\_DEV\CI\CI - Train\app\Controllers\Api.php(20): CodeIgniter\BaseModel->paginate(5)
#7 F:\FENO\_DEV\CI\CI - Train\system\CodeIgniter.php(936): App\Controllers\Api->index()
#8 F:\FENO\_DEV\CI\CI - Train\system\CodeIgniter.php(432): CodeIgniter\CodeIgniter->runController(Object(App\Controllers\Api))
#9 F:\FENO\_DEV\CI\CI - Train\system\CodeIgniter.php(333): CodeIgniter\CodeIgniter->handleRequest(NULL, Object(Config\Cache), false)
#10 F:\FENO\_DEV\CI\CI - Train\public\index.php(44): CodeIgniter\CodeIgniter->run()
#11 F:\FENO\_DEV\CI\CI - Train\system\Commands\Server\rewrite.php(45): require_once('F:\\FENO\\_DEV\\CI...')
#12 {main}
ERROR - 2022-08-01 06:41:20 --> mysqli_sql_exception: Table 'ci_train.enregistrement' doesn't exist in F:\FENO\_DEV\CI\CI - Train\system\Database\MySQLi\Connection.php:314
Stack trace:
#0 F:\FENO\_DEV\CI\CI - Train\system\Database\MySQLi\Connection.php(314): mysqli->query('SELECT *\nFROM `...')
#1 F:\FENO\_DEV\CI\CI - Train\system\Database\BaseConnection.php(713): CodeIgniter\Database\MySQLi\Connection->execute('SELECT *\nFROM `...')
#2 F:\FENO\_DEV\CI\CI - Train\system\Database\BaseConnection.php(641): CodeIgniter\Database\BaseConnection->simpleQuery('SELECT *\nFROM `...')
#3 F:\FENO\_DEV\CI\CI - Train\system\Database\BaseBuilder.php(1866): CodeIgniter\Database\BaseConnection->query('SELECT *\nFROM `...', Array, false)
#4 F:\FENO\_DEV\CI\CI - Train\system\Model.php(213): CodeIgniter\Database\BaseBuilder->get()
#5 F:\FENO\_DEV\CI\CI - Train\system\BaseModel.php(583): CodeIgniter\Model->doFindAll(5, 0)
#6 F:\FENO\_DEV\CI\CI - Train\system\BaseModel.php(1144): CodeIgniter\BaseModel->findAll(5, 0)
#7 F:\FENO\_DEV\CI\CI - Train\app\Controllers\Api.php(20): CodeIgniter\BaseModel->paginate(5)
#8 F:\FENO\_DEV\CI\CI - Train\system\CodeIgniter.php(936): App\Controllers\Api->index()
#9 F:\FENO\_DEV\CI\CI - Train\system\CodeIgniter.php(432): CodeIgniter\CodeIgniter->runController(Object(App\Controllers\Api))
#10 F:\FENO\_DEV\CI\CI - Train\system\CodeIgniter.php(333): CodeIgniter\CodeIgniter->handleRequest(NULL, Object(Config\Cache), false)
#11 F:\FENO\_DEV\CI\CI - Train\public\index.php(44): CodeIgniter\CodeIgniter->run()
#12 F:\FENO\_DEV\CI\CI - Train\system\Commands\Server\rewrite.php(45): require_once('F:\\FENO\\_DEV\\CI...')
#13 {main}
ERROR - 2022-08-01 06:41:24 --> mysqli_sql_exception: Table 'ci_train.enregistrement' doesn't exist in F:\FENO\_DEV\CI\CI - Train\system\Database\MySQLi\Connection.php:314
Stack trace:
#0 F:\FENO\_DEV\CI\CI - Train\system\Database\MySQLi\Connection.php(314): mysqli->query('SELECT COUNT(*)...')
#1 F:\FENO\_DEV\CI\CI - Train\system\Database\BaseConnection.php(713): CodeIgniter\Database\MySQLi\Connection->execute('SELECT COUNT(*)...')
#2 F:\FENO\_DEV\CI\CI - Train\system\Database\BaseConnection.php(641): CodeIgniter\Database\BaseConnection->simpleQuery('SELECT COUNT(*)...')
#3 F:\FENO\_DEV\CI\CI - Train\system\Database\BaseBuilder.php(1966): CodeIgniter\Database\BaseConnection->query('SELECT COUNT(*)...', Array, false)
#4 F:\FENO\_DEV\CI\CI - Train\system\Model.php(570): CodeIgniter\Database\BaseBuilder->countAllResults(false)
#5 F:\FENO\_DEV\CI\CI - Train\system\BaseModel.php(1140): CodeIgniter\Model->countAllResults(false)
#6 F:\FENO\_DEV\CI\CI - Train\app\Controllers\Api.php(20): CodeIgniter\BaseModel->paginate(5)
#7 F:\FENO\_DEV\CI\CI - Train\system\CodeIgniter.php(936): App\Controllers\Api->index()
#8 F:\FENO\_DEV\CI\CI - Train\system\CodeIgniter.php(432): CodeIgniter\CodeIgniter->runController(Object(App\Controllers\Api))
#9 F:\FENO\_DEV\CI\CI - Train\system\CodeIgniter.php(333): CodeIgniter\CodeIgniter->handleRequest(NULL, Object(Config\Cache), false)
#10 F:\FENO\_DEV\CI\CI - Train\public\index.php(44): CodeIgniter\CodeIgniter->run()
#11 F:\FENO\_DEV\CI\CI - Train\system\Commands\Server\rewrite.php(45): require_once('F:\\FENO\\_DEV\\CI...')
#12 {main}
CRITICAL - 2022-08-01 06:41:24 --> Table 'ci_train.enregistrement' doesn't exist
#0 F:\FENO\_DEV\CI\CI - Train\system\Database\MySQLi\Connection.php(314): mysqli->query('SELECT COUNT(*)...')
#1 F:\FENO\_DEV\CI\CI - Train\system\Database\BaseConnection.php(713): CodeIgniter\Database\MySQLi\Connection->execute('SELECT COUNT(*)...')
#2 F:\FENO\_DEV\CI\CI - Train\system\Database\BaseConnection.php(641): CodeIgniter\Database\BaseConnection->simpleQuery('SELECT COUNT(*)...')
#3 F:\FENO\_DEV\CI\CI - Train\system\Database\BaseBuilder.php(1966): CodeIgniter\Database\BaseConnection->query('SELECT COUNT(*)...', Array, false)
#4 F:\FENO\_DEV\CI\CI - Train\system\Model.php(570): CodeIgniter\Database\BaseBuilder->countAllResults(false)
#5 F:\FENO\_DEV\CI\CI - Train\system\BaseModel.php(1140): CodeIgniter\Model->countAllResults(false)
#6 F:\FENO\_DEV\CI\CI - Train\app\Controllers\Api.php(20): CodeIgniter\BaseModel->paginate(5)
#7 F:\FENO\_DEV\CI\CI - Train\system\CodeIgniter.php(936): App\Controllers\Api->index()
#8 F:\FENO\_DEV\CI\CI - Train\system\CodeIgniter.php(432): CodeIgniter\CodeIgniter->runController(Object(App\Controllers\Api))
#9 F:\FENO\_DEV\CI\CI - Train\system\CodeIgniter.php(333): CodeIgniter\CodeIgniter->handleRequest(NULL, Object(Config\Cache), false)
#10 F:\FENO\_DEV\CI\CI - Train\public\index.php(44): CodeIgniter\CodeIgniter->run()
#11 F:\FENO\_DEV\CI\CI - Train\system\Commands\Server\rewrite.php(45): require_once('F:\\FENO\\_DEV\\CI...')
#12 {main}
CRITICAL - 2022-08-01 08:30:41 --> json_decode() expects parameter 1 to be string, array given
#0 [internal function]: CodeIgniter\Debug\Exceptions->errorHandler(2, 'json_decode() e...', 'F:\\FENO\\_DEV\\CI...', 59, Array)
#1 F:\FENO\_DEV\CI\CI - Train\app\Controllers\MembersController.php(59): json_decode(Array, true)
#2 F:\FENO\_DEV\CI\CI - Train\system\CodeIgniter.php(936): App\Controllers\MembersController->update('1')
#3 F:\FENO\_DEV\CI\CI - Train\system\CodeIgniter.php(432): CodeIgniter\CodeIgniter->runController(Object(App\Controllers\MembersController))
#4 F:\FENO\_DEV\CI\CI - Train\system\CodeIgniter.php(333): CodeIgniter\CodeIgniter->handleRequest(NULL, Object(Config\Cache), false)
#5 F:\FENO\_DEV\CI\CI - Train\public\index.php(44): CodeIgniter\CodeIgniter->run()
#6 F:\FENO\_DEV\CI\CI - Train\system\Commands\Server\rewrite.php(45): require_once('F:\\FENO\\_DEV\\CI...')
#7 {main}
CRITICAL - 2022-08-01 08:32:37 --> Call to a member function update() on array
#0 F:\FENO\_DEV\CI\CI - Train\system\CodeIgniter.php(936): App\Controllers\MembersController->update('1')
#1 F:\FENO\_DEV\CI\CI - Train\system\CodeIgniter.php(432): CodeIgniter\CodeIgniter->runController(Object(App\Controllers\MembersController))
#2 F:\FENO\_DEV\CI\CI - Train\system\CodeIgniter.php(333): CodeIgniter\CodeIgniter->handleRequest(NULL, Object(Config\Cache), false)
#3 F:\FENO\_DEV\CI\CI - Train\public\index.php(44): CodeIgniter\CodeIgniter->run()
#4 F:\FENO\_DEV\CI\CI - Train\system\Commands\Server\rewrite.php(45): require_once('F:\\FENO\\_DEV\\CI...')
#5 {main}
CRITICAL - 2022-08-01 08:34:12 --> Call to a member function update() on array
#0 F:\FENO\_DEV\CI\CI - Train\system\CodeIgniter.php(936): App\Controllers\MembersController->update('1')
#1 F:\FENO\_DEV\CI\CI - Train\system\CodeIgniter.php(432): CodeIgniter\CodeIgniter->runController(Object(App\Controllers\MembersController))
#2 F:\FENO\_DEV\CI\CI - Train\system\CodeIgniter.php(333): CodeIgniter\CodeIgniter->handleRequest(NULL, Object(Config\Cache), false)
#3 F:\FENO\_DEV\CI\CI - Train\public\index.php(44): CodeIgniter\CodeIgniter->run()
#4 F:\FENO\_DEV\CI\CI - Train\system\Commands\Server\rewrite.php(45): require_once('F:\\FENO\\_DEV\\CI...')
#5 {main}
CRITICAL - 2022-08-01 08:35:26 --> Call to a member function update() on array
#0 F:\FENO\_DEV\CI\CI - Train\system\CodeIgniter.php(936): App\Controllers\MembersController->update('1')
#1 F:\FENO\_DEV\CI\CI - Train\system\CodeIgniter.php(432): CodeIgniter\CodeIgniter->runController(Object(App\Controllers\MembersController))
#2 F:\FENO\_DEV\CI\CI - Train\system\CodeIgniter.php(333): CodeIgniter\CodeIgniter->handleRequest(NULL, Object(Config\Cache), false)
#3 F:\FENO\_DEV\CI\CI - Train\public\index.php(44): CodeIgniter\CodeIgniter->run()
#4 F:\FENO\_DEV\CI\CI - Train\system\Commands\Server\rewrite.php(45): require_once('F:\\FENO\\_DEV\\CI...')
#5 {main}
